<?xml version="1.0" encoding="UTF-8"?>
<!-- Generated by org.testng.reporters.JUnitXMLReporter -->
<testsuite hostname="CLAS-VAIO" name="Default test" tests="2" failures="0" timestamp="2 Jan 2019 18:18:05 GMT" time="30.725" errors="0">
  <testcase name="welcomePage" time="10.013" classname="com.galenframework.java.sample.tests.WelcomePageTest"/>
  <testcase name="welcomePage" time="10.804" classname="com.galenframework.java.sample.tests.WelcomePageTest"/>
</testsuite> <!-- Default test -->
