<?xml version="1.0" encoding="UTF-8"?>
<!-- Generated by org.testng.reporters.JUnitXMLReporter -->
<testsuite hostname="CLAS-VAIO" name="Default test" tests="2" failures="2" timestamp="20 Dec 2018 16:40:44 GMT" time="28.146" errors="0">
  <testcase name="loginPage_shouldLookGood_onDevice" time="10.246" classname="com.galenframework.java.sample.tests.WelcomePageTest">
    <failure type="com.galenframework.support.LayoutValidationException" message="/specs/loginPage.spec, tags: [mobile]
  - &amp;quot;menu-item-1&amp;quot; is -1px left which is not in range of 0 to 5px (\specs/common.spec:77)
  - &amp;quot;menu-item-3&amp;quot; is -1px left which is not in range of 0 to 5px (\specs/common.spec:77)
  - &amp;quot;footer&amp;quot; height is 150px which is not in range of 198 to 202px (\specs/common.spec:94)
  - &amp;quot;login-button&amp;quot; is 11px above &amp;quot;cancel-button&amp;quot; which is not in range of 4 to 10px (/specs/loginPage.spec:77)
">
      <![CDATA[com.galenframework.support.LayoutValidationException: /specs/loginPage.spec, tags: [mobile]
  - "menu-item-1" is -1px left which is not in range of 0 to 5px (\specs/common.spec:77)
  - "menu-item-3" is -1px left which is not in range of 0 to 5px (\specs/common.spec:77)
  - "footer" height is 150px which is not in range of 198 to 202px (\specs/common.spec:94)
  - "login-button" is 11px above "cancel-button" which is not in range of 4 to 10px (/specs/loginPage.spec:77)

	at com.galenframework.support.GalenJavaTestBase.checkLayout(GalenJavaTestBase.java:129)
	at com.galenframework.support.GalenJavaTestBase.checkLayout(GalenJavaTestBase.java:111)
	at com.galenframework.java.sample.tests.WelcomePageTest.loginPage_shouldLookGood_onDevice(WelcomePageTest.java:21)
	at sun.reflect.NativeMethodAccessorImpl.invoke0(Native Method)
	at sun.reflect.NativeMethodAccessorImpl.invoke(Unknown Source)
	at sun.reflect.DelegatingMethodAccessorImpl.invoke(Unknown Source)
	at java.lang.reflect.Method.invoke(Unknown Source)
	at org.testng.internal.MethodInvocationHelper.invokeMethod(MethodInvocationHelper.java:80)
	at org.testng.internal.Invoker.invokeMethod(Invoker.java:715)
	at org.testng.internal.Invoker.invokeTestMethod(Invoker.java:907)
	at org.testng.internal.Invoker.invokeTestMethods(Invoker.java:1237)
	at org.testng.internal.TestMethodWorker.invokeTestMethods(TestMethodWorker.java:127)
	at org.testng.internal.TestMethodWorker.run(TestMethodWorker.java:111)
	at org.testng.TestRunner.privateRun(TestRunner.java:767)
	at org.testng.TestRunner.run(TestRunner.java:617)
	at org.testng.SuiteRunner.runTest(SuiteRunner.java:334)
	at org.testng.SuiteRunner.runSequentially(SuiteRunner.java:329)
	at org.testng.SuiteRunner.privateRun(SuiteRunner.java:291)
	at org.testng.SuiteRunner.run(SuiteRunner.java:240)
	at org.testng.SuiteRunnerWorker.runSuite(SuiteRunnerWorker.java:51)
	at org.testng.SuiteRunnerWorker.run(SuiteRunnerWorker.java:85)
	at org.testng.TestNG.runSuitesSequentially(TestNG.java:1197)
	at org.testng.TestNG.runSuitesLocally(TestNG.java:1122)
	at org.testng.TestNG.run(TestNG.java:1030)
	at org.testng.remote.AbstractRemoteTestNG.run(AbstractRemoteTestNG.java:114)
	at org.testng.remote.RemoteTestNG.initAndRun(RemoteTestNG.java:251)
	at org.testng.remote.RemoteTestNG.main(RemoteTestNG.java:77)
]]>
    </failure>
  </testcase> <!-- loginPage_shouldLookGood_onDevice -->
  <testcase name="welcomePage_shouldLookGood_onDevice" time="7.526" classname="com.galenframework.java.sample.tests.WelcomePageTest">
    <failure type="com.galenframework.support.LayoutValidationException" message="/specs/welcomePage.spec, tags: [mobile]
  - &amp;quot;menu-item-1&amp;quot; is -1px left which is not in range of 0 to 5px (\specs/common.spec:77)
  - &amp;quot;menu-item-3&amp;quot; is -1px left which is not in range of 0 to 5px (\specs/common.spec:77)
  - &amp;quot;text-block-1&amp;quot; is 129px above &amp;quot;login-button&amp;quot; which is not in range of 10 to 50px (/specs/welcomePage.spec:22)
  - &amp;quot;login-button&amp;quot; is -55px above &amp;quot;text-block-3&amp;quot; which is not in range of 10 to 50px (/specs/welcomePage.spec:27)
  - &amp;quot;footer&amp;quot; height is 150px which is not in range of 198 to 202px (\specs/common.spec:94)
">
      <![CDATA[com.galenframework.support.LayoutValidationException: /specs/welcomePage.spec, tags: [mobile]
  - "menu-item-1" is -1px left which is not in range of 0 to 5px (\specs/common.spec:77)
  - "menu-item-3" is -1px left which is not in range of 0 to 5px (\specs/common.spec:77)
  - "text-block-1" is 129px above "login-button" which is not in range of 10 to 50px (/specs/welcomePage.spec:22)
  - "login-button" is -55px above "text-block-3" which is not in range of 10 to 50px (/specs/welcomePage.spec:27)
  - "footer" height is 150px which is not in range of 198 to 202px (\specs/common.spec:94)

	at com.galenframework.support.GalenJavaTestBase.checkLayout(GalenJavaTestBase.java:129)
	at com.galenframework.support.GalenJavaTestBase.checkLayout(GalenJavaTestBase.java:111)
	at com.galenframework.java.sample.tests.WelcomePageTest.welcomePage_shouldLookGood_onDevice(WelcomePageTest.java:14)
	at sun.reflect.NativeMethodAccessorImpl.invoke0(Native Method)
	at sun.reflect.NativeMethodAccessorImpl.invoke(Unknown Source)
	at sun.reflect.DelegatingMethodAccessorImpl.invoke(Unknown Source)
	at java.lang.reflect.Method.invoke(Unknown Source)
	at org.testng.internal.MethodInvocationHelper.invokeMethod(MethodInvocationHelper.java:80)
	at org.testng.internal.Invoker.invokeMethod(Invoker.java:715)
	at org.testng.internal.Invoker.invokeTestMethod(Invoker.java:907)
	at org.testng.internal.Invoker.invokeTestMethods(Invoker.java:1237)
	at org.testng.internal.TestMethodWorker.invokeTestMethods(TestMethodWorker.java:127)
	at org.testng.internal.TestMethodWorker.run(TestMethodWorker.java:111)
	at org.testng.TestRunner.privateRun(TestRunner.java:767)
	at org.testng.TestRunner.run(TestRunner.java:617)
	at org.testng.SuiteRunner.runTest(SuiteRunner.java:334)
	at org.testng.SuiteRunner.runSequentially(SuiteRunner.java:329)
	at org.testng.SuiteRunner.privateRun(SuiteRunner.java:291)
	at org.testng.SuiteRunner.run(SuiteRunner.java:240)
	at org.testng.SuiteRunnerWorker.runSuite(SuiteRunnerWorker.java:51)
	at org.testng.SuiteRunnerWorker.run(SuiteRunnerWorker.java:85)
	at org.testng.TestNG.runSuitesSequentially(TestNG.java:1197)
	at org.testng.TestNG.runSuitesLocally(TestNG.java:1122)
	at org.testng.TestNG.run(TestNG.java:1030)
	at org.testng.remote.AbstractRemoteTestNG.run(AbstractRemoteTestNG.java:114)
	at org.testng.remote.RemoteTestNG.initAndRun(RemoteTestNG.java:251)
	at org.testng.remote.RemoteTestNG.main(RemoteTestNG.java:77)
]]>
    </failure>
  </testcase> <!-- welcomePage_shouldLookGood_onDevice -->
</testsuite> <!-- Default test -->
