<?xml version="1.0" encoding="UTF-8"?>
<!-- Generated by org.testng.reporters.JUnitXMLReporter -->
<testsuite hostname="CLAS-VAIO" name="Test" tests="6" failures="6" timestamp="9 Dec 2018 17:11:26 GMT" time="61.853" errors="0">
  <testcase name="loginPage_shouldLookGood_onDevice" time="8.149" classname="com.galenframework.java.sample.tests.WelcomePageTest">
    <failure type="com.galenframework.support.LayoutValidationException" message="/specs/loginPage.spec, tags: [mobile]
  - &amp;quot;menu-item-1&amp;quot; is -1px left which is not in range of 0 to 5px (\specs/common.spec:77)
  - &amp;quot;menu-item-3&amp;quot; is -1px left which is not in range of 0 to 5px (\specs/common.spec:77)
  - &amp;quot;footer&amp;quot; height is 150px which is not in range of 198 to 202px (\specs/common.spec:94)
  - &amp;quot;login-box&amp;quot; is 1104px right which is not in range of 18 to 22px (/specs/loginPage.spec:67)
  - &amp;quot;login-caption&amp;quot; is -43px top instead of 0px, is 560px left instead of 0px (/specs/loginPage.spec:73)
  - &amp;quot;username-textfield&amp;quot; is 560px left and -523px right instead of 0px (/specs/loginPage.spec:70)
  - &amp;quot;password-textfield&amp;quot; is 560px left and -523px right instead of 0px (/specs/loginPage.spec:70)
  - &amp;quot;login-button&amp;quot; is 560px left and -243px right instead of 0px (/specs/loginPage.spec:76)
  - &amp;quot;login-button&amp;quot; is -46px above &amp;quot;cancel-button&amp;quot; which is not in range of 4 to 10px (/specs/loginPage.spec:77)
  - &amp;quot;cancel-button&amp;quot; is not aligned vertically all with &amp;quot;login-button&amp;quot;. Offset is 82px (/specs/loginPage.spec:78)
">
      <![CDATA[com.galenframework.support.LayoutValidationException: /specs/loginPage.spec, tags: [mobile]
  - "menu-item-1" is -1px left which is not in range of 0 to 5px (\specs/common.spec:77)
  - "menu-item-3" is -1px left which is not in range of 0 to 5px (\specs/common.spec:77)
  - "footer" height is 150px which is not in range of 198 to 202px (\specs/common.spec:94)
  - "login-box" is 1104px right which is not in range of 18 to 22px (/specs/loginPage.spec:67)
  - "login-caption" is -43px top instead of 0px, is 560px left instead of 0px (/specs/loginPage.spec:73)
  - "username-textfield" is 560px left and -523px right instead of 0px (/specs/loginPage.spec:70)
  - "password-textfield" is 560px left and -523px right instead of 0px (/specs/loginPage.spec:70)
  - "login-button" is 560px left and -243px right instead of 0px (/specs/loginPage.spec:76)
  - "login-button" is -46px above "cancel-button" which is not in range of 4 to 10px (/specs/loginPage.spec:77)
  - "cancel-button" is not aligned vertically all with "login-button". Offset is 82px (/specs/loginPage.spec:78)

	at com.galenframework.support.GalenJavaTestBase.checkLayout(GalenJavaTestBase.java:129)
	at com.galenframework.support.GalenJavaTestBase.checkLayout(GalenJavaTestBase.java:111)
	at com.galenframework.java.sample.tests.WelcomePageTest.loginPage_shouldLookGood_onDevice(WelcomePageTest.java:22)
... Removed 24 stack frames]]>
    </failure>
  </testcase> <!-- loginPage_shouldLookGood_onDevice -->
  <testcase name="loginPage_shouldLookGood_onDevice" time="5.287" classname="com.galenframework.java.sample.tests.WelcomePageTest">
    <failure type="com.galenframework.support.LayoutValidationException" message="/specs/loginPage.spec, tags: [tablet]
  - &amp;quot;menu-item-3&amp;quot; is -1px right of &amp;quot;menu-item-2&amp;quot; which is not in range of 0 to 5px (\specs/common.spec:63)
  - &amp;quot;footer&amp;quot; height is 150px which is not in range of 198 to 202px (\specs/common.spec:94)
">
      <![CDATA[com.galenframework.support.LayoutValidationException: /specs/loginPage.spec, tags: [tablet]
  - "menu-item-3" is -1px right of "menu-item-2" which is not in range of 0 to 5px (\specs/common.spec:63)
  - "footer" height is 150px which is not in range of 198 to 202px (\specs/common.spec:94)

	at com.galenframework.support.GalenJavaTestBase.checkLayout(GalenJavaTestBase.java:129)
	at com.galenframework.support.GalenJavaTestBase.checkLayout(GalenJavaTestBase.java:111)
	at com.galenframework.java.sample.tests.WelcomePageTest.loginPage_shouldLookGood_onDevice(WelcomePageTest.java:22)
... Removed 24 stack frames]]>
    </failure>
  </testcase> <!-- loginPage_shouldLookGood_onDevice -->
  <testcase name="loginPage_shouldLookGood_onDevice" time="5.277" classname="com.galenframework.java.sample.tests.WelcomePageTest">
    <failure type="com.galenframework.support.LayoutValidationException" message="/specs/loginPage.spec, tags: [desktop]
  - &amp;quot;footer&amp;quot; height is 150px which is not in range of 198 to 202px (\specs/common.spec:94)
">
      <![CDATA[com.galenframework.support.LayoutValidationException: /specs/loginPage.spec, tags: [desktop]
  - "footer" height is 150px which is not in range of 198 to 202px (\specs/common.spec:94)

	at com.galenframework.support.GalenJavaTestBase.checkLayout(GalenJavaTestBase.java:129)
	at com.galenframework.support.GalenJavaTestBase.checkLayout(GalenJavaTestBase.java:111)
	at com.galenframework.java.sample.tests.WelcomePageTest.loginPage_shouldLookGood_onDevice(WelcomePageTest.java:22)
... Removed 24 stack frames]]>
    </failure>
  </testcase> <!-- loginPage_shouldLookGood_onDevice -->
  <testcase name="welcomePage_shouldLookGood_onDevice" time="4.018" classname="com.galenframework.java.sample.tests.WelcomePageTest">
    <failure type="com.galenframework.support.LayoutValidationException" message="/specs/welcomePage.spec, tags: [mobile]
  - &amp;quot;menu-item-1&amp;quot; is -1px left which is not in range of 0 to 5px (\specs/common.spec:77)
  - &amp;quot;menu-item-3&amp;quot; is -1px left which is not in range of 0 to 5px (\specs/common.spec:77)
  - &amp;quot;text-block-1&amp;quot; is 129px above &amp;quot;login-button&amp;quot; which is not in range of 10 to 50px (/specs/welcomePage.spec:22)
  - &amp;quot;login-button&amp;quot; is -55px above &amp;quot;text-block-3&amp;quot; which is not in range of 10 to 50px (/specs/welcomePage.spec:27)
  - &amp;quot;footer&amp;quot; height is 150px which is not in range of 198 to 202px (\specs/common.spec:94)
">
      <![CDATA[com.galenframework.support.LayoutValidationException: /specs/welcomePage.spec, tags: [mobile]
  - "menu-item-1" is -1px left which is not in range of 0 to 5px (\specs/common.spec:77)
  - "menu-item-3" is -1px left which is not in range of 0 to 5px (\specs/common.spec:77)
  - "text-block-1" is 129px above "login-button" which is not in range of 10 to 50px (/specs/welcomePage.spec:22)
  - "login-button" is -55px above "text-block-3" which is not in range of 10 to 50px (/specs/welcomePage.spec:27)
  - "footer" height is 150px which is not in range of 198 to 202px (\specs/common.spec:94)

	at com.galenframework.support.GalenJavaTestBase.checkLayout(GalenJavaTestBase.java:129)
	at com.galenframework.support.GalenJavaTestBase.checkLayout(GalenJavaTestBase.java:111)
	at com.galenframework.java.sample.tests.WelcomePageTest.welcomePage_shouldLookGood_onDevice(WelcomePageTest.java:15)
... Removed 24 stack frames]]>
    </failure>
  </testcase> <!-- welcomePage_shouldLookGood_onDevice -->
  <testcase name="welcomePage_shouldLookGood_onDevice" time="4.932" classname="com.galenframework.java.sample.tests.WelcomePageTest">
    <failure type="com.galenframework.support.LayoutValidationException" message="/specs/welcomePage.spec, tags: [tablet]
  - &amp;quot;menu-item-3&amp;quot; is -1px right of &amp;quot;menu-item-2&amp;quot; which is not in range of 0 to 5px (\specs/common.spec:63)
  - &amp;quot;text-block-1&amp;quot; is 89px above &amp;quot;login-button&amp;quot; which is not in range of 10 to 50px (/specs/welcomePage.spec:22)
  - &amp;quot;login-button&amp;quot; is -46px above &amp;quot;text-block-3&amp;quot; which is not in range of 10 to 50px (/specs/welcomePage.spec:27)
  - &amp;quot;footer&amp;quot; height is 150px which is not in range of 198 to 202px (\specs/common.spec:94)
">
      <![CDATA[com.galenframework.support.LayoutValidationException: /specs/welcomePage.spec, tags: [tablet]
  - "menu-item-3" is -1px right of "menu-item-2" which is not in range of 0 to 5px (\specs/common.spec:63)
  - "text-block-1" is 89px above "login-button" which is not in range of 10 to 50px (/specs/welcomePage.spec:22)
  - "login-button" is -46px above "text-block-3" which is not in range of 10 to 50px (/specs/welcomePage.spec:27)
  - "footer" height is 150px which is not in range of 198 to 202px (\specs/common.spec:94)

	at com.galenframework.support.GalenJavaTestBase.checkLayout(GalenJavaTestBase.java:129)
	at com.galenframework.support.GalenJavaTestBase.checkLayout(GalenJavaTestBase.java:111)
	at com.galenframework.java.sample.tests.WelcomePageTest.welcomePage_shouldLookGood_onDevice(WelcomePageTest.java:15)
... Removed 24 stack frames]]>
    </failure>
  </testcase> <!-- welcomePage_shouldLookGood_onDevice -->
  <testcase name="welcomePage_shouldLookGood_onDevice" time="4.733" classname="com.galenframework.java.sample.tests.WelcomePageTest">
    <failure type="com.galenframework.support.LayoutValidationException" message="/specs/welcomePage.spec, tags: [desktop]
  - &amp;quot;text-block-1&amp;quot; is 60px above &amp;quot;login-button&amp;quot; which is not in range of 10 to 50px (/specs/welcomePage.spec:22)
  - &amp;quot;login-button&amp;quot; is -46px above &amp;quot;text-block-3&amp;quot; which is not in range of 10 to 50px (/specs/welcomePage.spec:27)
  - &amp;quot;greeting&amp;quot; is 9px above &amp;quot;text-block-1&amp;quot; which is not in range of 10 to 50px (/specs/welcomePage.spec:17)
  - &amp;quot;footer&amp;quot; height is 150px which is not in range of 198 to 202px (\specs/common.spec:94)
">
      <![CDATA[com.galenframework.support.LayoutValidationException: /specs/welcomePage.spec, tags: [desktop]
  - "text-block-1" is 60px above "login-button" which is not in range of 10 to 50px (/specs/welcomePage.spec:22)
  - "login-button" is -46px above "text-block-3" which is not in range of 10 to 50px (/specs/welcomePage.spec:27)
  - "greeting" is 9px above "text-block-1" which is not in range of 10 to 50px (/specs/welcomePage.spec:17)
  - "footer" height is 150px which is not in range of 198 to 202px (\specs/common.spec:94)

	at com.galenframework.support.GalenJavaTestBase.checkLayout(GalenJavaTestBase.java:129)
	at com.galenframework.support.GalenJavaTestBase.checkLayout(GalenJavaTestBase.java:111)
	at com.galenframework.java.sample.tests.WelcomePageTest.welcomePage_shouldLookGood_onDevice(WelcomePageTest.java:15)
... Removed 24 stack frames]]>
    </failure>
  </testcase> <!-- welcomePage_shouldLookGood_onDevice -->
</testsuite> <!-- Test -->
