<?xml version="1.0" encoding="UTF-8"?>
<testng-results skipped="0" failed="0" total="2" passed="2">
  <reporter-output>
  </reporter-output>
  <suite name="Default suite" duration-ms="30725" started-at="2019-01-02T18:17:34Z" finished-at="2019-01-02T18:18:05Z">
    <groups>
    </groups>
    <test name="Default test" duration-ms="30725" started-at="2019-01-02T18:17:34Z" finished-at="2019-01-02T18:18:05Z">
      <class name="com.galenframework.java.sample.tests.WelcomePageTest">
        <test-method status="PASS" signature="initDriver([Ljava.lang.Object;)[pri:0, instance:com.galenframework.java.sample.tests.WelcomePageTest@29774679]" name="initDriver" is-config="true" duration-ms="4627" started-at="2019-01-02T23:47:34Z" finished-at="2019-01-02T23:47:39Z">
          <params>
            <param index="0">
              <value>
                <![CDATA[[Ljava.lang.Object;@676cf48]]>
              </value>
            </param>
          </params>
          <reporter-output>
          </reporter-output>
        </test-method> <!-- initDriver -->
        <test-method status="PASS" signature="initReport(java.lang.reflect.Method, [Ljava.lang.Object;)[pri:0, instance:com.galenframework.java.sample.tests.WelcomePageTest@29774679]" name="initReport" is-config="true" duration-ms="6" started-at="2019-01-02T23:47:39Z" finished-at="2019-01-02T23:47:39Z">
          <params>
            <param index="0">
              <value>
                <![CDATA[public void com.galenframework.java.sample.tests.WelcomePageTest.welcomePage(com.galenframework.java.sample.components.GalenTestBase$TestDevice) throws java.io.IOException]]>
              </value>
            </param>
            <param index="1">
              <value>
                <![CDATA[[Ljava.lang.Object;@676cf48]]>
              </value>
            </param>
          </params>
          <reporter-output>
          </reporter-output>
        </test-method> <!-- initReport -->
        <test-method status="PASS" signature="welcomePage(com.galenframework.java.sample.components.GalenTestBase$TestDevice)[pri:0, instance:com.galenframework.java.sample.tests.WelcomePageTest@29774679]" name="welcomePage" duration-ms="10013" started-at="2019-01-02T23:47:39Z" data-provider="devices" finished-at="2019-01-02T23:47:49Z">
          <params>
            <param index="0">
              <value>
                <![CDATA[mobile 450x800]]>
              </value>
            </param>
          </params>
          <reporter-output>
          </reporter-output>
        </test-method> <!-- welcomePage -->
        <test-method status="PASS" signature="provideTestEndDate()[pri:0, instance:com.galenframework.java.sample.tests.WelcomePageTest@29774679]" name="provideTestEndDate" is-config="true" duration-ms="1" started-at="2019-01-02T23:47:49Z" finished-at="2019-01-02T23:47:49Z">
          <reporter-output>
          </reporter-output>
        </test-method> <!-- provideTestEndDate -->
        <test-method status="PASS" signature="quitDriver()[pri:0, instance:com.galenframework.java.sample.tests.WelcomePageTest@29774679]" name="quitDriver" is-config="true" duration-ms="1096" started-at="2019-01-02T23:47:49Z" finished-at="2019-01-02T23:47:50Z">
          <reporter-output>
          </reporter-output>
        </test-method> <!-- quitDriver -->
        <test-method status="PASS" signature="initDriver([Ljava.lang.Object;)[pri:0, instance:com.galenframework.java.sample.tests.WelcomePageTest@29774679]" name="initDriver" is-config="true" duration-ms="3327" started-at="2019-01-02T23:47:50Z" finished-at="2019-01-02T23:47:53Z">
          <params>
            <param index="0">
              <value>
                <![CDATA[[Ljava.lang.Object;@5a1de7fb]]>
              </value>
            </param>
          </params>
          <reporter-output>
          </reporter-output>
        </test-method> <!-- initDriver -->
        <test-method status="PASS" signature="welcomePage(com.galenframework.java.sample.components.GalenTestBase$TestDevice)[pri:0, instance:com.galenframework.java.sample.tests.WelcomePageTest@29774679]" name="welcomePage" duration-ms="10804" started-at="2019-01-02T23:47:53Z" data-provider="devices" finished-at="2019-01-02T23:48:04Z">
          <params>
            <param index="0">
              <value>
                <![CDATA[desktop 1024x900]]>
              </value>
            </param>
          </params>
          <reporter-output>
          </reporter-output>
        </test-method> <!-- welcomePage -->
        <test-method status="PASS" signature="initReport(java.lang.reflect.Method, [Ljava.lang.Object;)[pri:0, instance:com.galenframework.java.sample.tests.WelcomePageTest@29774679]" name="initReport" is-config="true" duration-ms="0" started-at="2019-01-02T23:47:53Z" finished-at="2019-01-02T23:47:53Z">
          <params>
            <param index="0">
              <value>
                <![CDATA[public void com.galenframework.java.sample.tests.WelcomePageTest.welcomePage(com.galenframework.java.sample.components.GalenTestBase$TestDevice) throws java.io.IOException]]>
              </value>
            </param>
            <param index="1">
              <value>
                <![CDATA[[Ljava.lang.Object;@5a1de7fb]]>
              </value>
            </param>
          </params>
          <reporter-output>
          </reporter-output>
        </test-method> <!-- initReport -->
        <test-method status="PASS" signature="provideTestEndDate()[pri:0, instance:com.galenframework.java.sample.tests.WelcomePageTest@29774679]" name="provideTestEndDate" is-config="true" duration-ms="0" started-at="2019-01-02T23:48:04Z" finished-at="2019-01-02T23:48:04Z">
          <reporter-output>
          </reporter-output>
        </test-method> <!-- provideTestEndDate -->
        <test-method status="PASS" signature="quitDriver()[pri:0, instance:com.galenframework.java.sample.tests.WelcomePageTest@29774679]" name="quitDriver" is-config="true" duration-ms="831" started-at="2019-01-02T23:48:04Z" finished-at="2019-01-02T23:48:05Z">
          <reporter-output>
          </reporter-output>
        </test-method> <!-- quitDriver -->
      </class> <!-- com.galenframework.java.sample.tests.WelcomePageTest -->
    </test> <!-- Default test -->
  </suite> <!-- Default suite -->
</testng-results>
