<?xml version="1.0" encoding="UTF-8"?>
<testng-results skipped="0" failed="2" total="2" passed="0">
  <reporter-output>
  </reporter-output>
  <suite name="Default suite" duration-ms="28146" started-at="2018-12-20T16:40:15Z" finished-at="2018-12-20T16:40:44Z">
    <groups>
    </groups>
    <test name="Default test" duration-ms="28146" started-at="2018-12-20T16:40:15Z" finished-at="2018-12-20T16:40:44Z">
      <class name="com.galenframework.java.sample.tests.WelcomePageTest">
        <test-method status="PASS" signature="initDriver([Ljava.lang.Object;)[pri:0, instance:com.galenframework.java.sample.tests.WelcomePageTest@29774679]" name="initDriver" is-config="true" duration-ms="5041" started-at="2018-12-20T22:10:15Z" finished-at="2018-12-20T22:10:20Z">
          <params>
            <param index="0">
              <value>
                <![CDATA[[Ljava.lang.Object;@2ea6e30c]]>
              </value>
            </param>
          </params>
          <reporter-output>
          </reporter-output>
        </test-method> <!-- initDriver -->
        <test-method status="PASS" signature="initReport(java.lang.reflect.Method, [Ljava.lang.Object;)[pri:0, instance:com.galenframework.java.sample.tests.WelcomePageTest@29774679]" name="initReport" is-config="true" duration-ms="8" started-at="2018-12-20T22:10:20Z" finished-at="2018-12-20T22:10:20Z">
          <params>
            <param index="0">
              <value>
                <![CDATA[public void com.galenframework.java.sample.tests.WelcomePageTest.loginPage_shouldLookGood_onDevice(com.galenframework.java.sample.components.GalenTestBase$TestDevice) throws java.io.IOException]]>
              </value>
            </param>
            <param index="1">
              <value>
                <![CDATA[[Ljava.lang.Object;@2ea6e30c]]>
              </value>
            </param>
          </params>
          <reporter-output>
          </reporter-output>
        </test-method> <!-- initReport -->
        <test-method status="FAIL" signature="loginPage_shouldLookGood_onDevice(com.galenframework.java.sample.components.GalenTestBase$TestDevice)[pri:0, instance:com.galenframework.java.sample.tests.WelcomePageTest@29774679]" name="loginPage_shouldLookGood_onDevice" duration-ms="10246" started-at="2018-12-20T22:10:20Z" data-provider="devices" finished-at="2018-12-20T22:10:31Z">
          <params>
            <param index="0">
              <value>
                <![CDATA[mobile 450x800]]>
              </value>
            </param>
          </params>
          <exception class="com.galenframework.support.LayoutValidationException">
            <message>
              <![CDATA[/specs/loginPage.spec, tags: [mobile]
  - "menu-item-1" is -1px left which is not in range of 0 to 5px (\specs/common.spec:77)
  - "menu-item-3" is -1px left which is not in range of 0 to 5px (\specs/common.spec:77)
  - "footer" height is 150px which is not in range of 198 to 202px (\specs/common.spec:94)
  - "login-button" is 11px above "cancel-button" which is not in range of 4 to 10px (/specs/loginPage.spec:77)
]]>
            </message>
            <full-stacktrace>
              <![CDATA[com.galenframework.support.LayoutValidationException: /specs/loginPage.spec, tags: [mobile]
  - "menu-item-1" is -1px left which is not in range of 0 to 5px (\specs/common.spec:77)
  - "menu-item-3" is -1px left which is not in range of 0 to 5px (\specs/common.spec:77)
  - "footer" height is 150px which is not in range of 198 to 202px (\specs/common.spec:94)
  - "login-button" is 11px above "cancel-button" which is not in range of 4 to 10px (/specs/loginPage.spec:77)

	at com.galenframework.support.GalenJavaTestBase.checkLayout(GalenJavaTestBase.java:129)
	at com.galenframework.support.GalenJavaTestBase.checkLayout(GalenJavaTestBase.java:111)
	at com.galenframework.java.sample.tests.WelcomePageTest.loginPage_shouldLookGood_onDevice(WelcomePageTest.java:21)
	at sun.reflect.NativeMethodAccessorImpl.invoke0(Native Method)
	at sun.reflect.NativeMethodAccessorImpl.invoke(Unknown Source)
	at sun.reflect.DelegatingMethodAccessorImpl.invoke(Unknown Source)
	at java.lang.reflect.Method.invoke(Unknown Source)
	at org.testng.internal.MethodInvocationHelper.invokeMethod(MethodInvocationHelper.java:80)
	at org.testng.internal.Invoker.invokeMethod(Invoker.java:715)
	at org.testng.internal.Invoker.invokeTestMethod(Invoker.java:907)
	at org.testng.internal.Invoker.invokeTestMethods(Invoker.java:1237)
	at org.testng.internal.TestMethodWorker.invokeTestMethods(TestMethodWorker.java:127)
	at org.testng.internal.TestMethodWorker.run(TestMethodWorker.java:111)
	at org.testng.TestRunner.privateRun(TestRunner.java:767)
	at org.testng.TestRunner.run(TestRunner.java:617)
	at org.testng.SuiteRunner.runTest(SuiteRunner.java:334)
	at org.testng.SuiteRunner.runSequentially(SuiteRunner.java:329)
	at org.testng.SuiteRunner.privateRun(SuiteRunner.java:291)
	at org.testng.SuiteRunner.run(SuiteRunner.java:240)
	at org.testng.SuiteRunnerWorker.runSuite(SuiteRunnerWorker.java:51)
	at org.testng.SuiteRunnerWorker.run(SuiteRunnerWorker.java:85)
	at org.testng.TestNG.runSuitesSequentially(TestNG.java:1197)
	at org.testng.TestNG.runSuitesLocally(TestNG.java:1122)
	at org.testng.TestNG.run(TestNG.java:1030)
	at org.testng.remote.AbstractRemoteTestNG.run(AbstractRemoteTestNG.java:114)
	at org.testng.remote.RemoteTestNG.initAndRun(RemoteTestNG.java:251)
	at org.testng.remote.RemoteTestNG.main(RemoteTestNG.java:77)
]]>
            </full-stacktrace>
          </exception> <!-- com.galenframework.support.LayoutValidationException -->
          <reporter-output>
          </reporter-output>
        </test-method> <!-- loginPage_shouldLookGood_onDevice -->
        <test-method status="PASS" signature="provideTestEndDate()[pri:0, instance:com.galenframework.java.sample.tests.WelcomePageTest@29774679]" name="provideTestEndDate" is-config="true" duration-ms="1" started-at="2018-12-20T22:10:31Z" finished-at="2018-12-20T22:10:31Z">
          <reporter-output>
          </reporter-output>
        </test-method> <!-- provideTestEndDate -->
        <test-method status="PASS" signature="quitDriver()[pri:0, instance:com.galenframework.java.sample.tests.WelcomePageTest@29774679]" name="quitDriver" is-config="true" duration-ms="1054" started-at="2018-12-20T22:10:31Z" finished-at="2018-12-20T22:10:32Z">
          <reporter-output>
          </reporter-output>
        </test-method> <!-- quitDriver -->
        <test-method status="PASS" signature="initDriver([Ljava.lang.Object;)[pri:0, instance:com.galenframework.java.sample.tests.WelcomePageTest@29774679]" name="initDriver" is-config="true" duration-ms="3368" started-at="2018-12-20T22:10:32Z" finished-at="2018-12-20T22:10:35Z">
          <params>
            <param index="0">
              <value>
                <![CDATA[[Ljava.lang.Object;@6138e79a]]>
              </value>
            </param>
          </params>
          <reporter-output>
          </reporter-output>
        </test-method> <!-- initDriver -->
        <test-method status="PASS" signature="initReport(java.lang.reflect.Method, [Ljava.lang.Object;)[pri:0, instance:com.galenframework.java.sample.tests.WelcomePageTest@29774679]" name="initReport" is-config="true" duration-ms="1" started-at="2018-12-20T22:10:35Z" finished-at="2018-12-20T22:10:35Z">
          <params>
            <param index="0">
              <value>
                <![CDATA[public void com.galenframework.java.sample.tests.WelcomePageTest.welcomePage_shouldLookGood_onDevice(com.galenframework.java.sample.components.GalenTestBase$TestDevice) throws java.io.IOException]]>
              </value>
            </param>
            <param index="1">
              <value>
                <![CDATA[[Ljava.lang.Object;@6138e79a]]>
              </value>
            </param>
          </params>
          <reporter-output>
          </reporter-output>
        </test-method> <!-- initReport -->
        <test-method status="FAIL" signature="welcomePage_shouldLookGood_onDevice(com.galenframework.java.sample.components.GalenTestBase$TestDevice)[pri:0, instance:com.galenframework.java.sample.tests.WelcomePageTest@29774679]" name="welcomePage_shouldLookGood_onDevice" duration-ms="7526" started-at="2018-12-20T22:10:35Z" data-provider="devices" finished-at="2018-12-20T22:10:43Z">
          <params>
            <param index="0">
              <value>
                <![CDATA[mobile 450x800]]>
              </value>
            </param>
          </params>
          <exception class="com.galenframework.support.LayoutValidationException">
            <message>
              <![CDATA[/specs/welcomePage.spec, tags: [mobile]
  - "menu-item-1" is -1px left which is not in range of 0 to 5px (\specs/common.spec:77)
  - "menu-item-3" is -1px left which is not in range of 0 to 5px (\specs/common.spec:77)
  - "text-block-1" is 129px above "login-button" which is not in range of 10 to 50px (/specs/welcomePage.spec:22)
  - "login-button" is -55px above "text-block-3" which is not in range of 10 to 50px (/specs/welcomePage.spec:27)
  - "footer" height is 150px which is not in range of 198 to 202px (\specs/common.spec:94)
]]>
            </message>
            <full-stacktrace>
              <![CDATA[com.galenframework.support.LayoutValidationException: /specs/welcomePage.spec, tags: [mobile]
  - "menu-item-1" is -1px left which is not in range of 0 to 5px (\specs/common.spec:77)
  - "menu-item-3" is -1px left which is not in range of 0 to 5px (\specs/common.spec:77)
  - "text-block-1" is 129px above "login-button" which is not in range of 10 to 50px (/specs/welcomePage.spec:22)
  - "login-button" is -55px above "text-block-3" which is not in range of 10 to 50px (/specs/welcomePage.spec:27)
  - "footer" height is 150px which is not in range of 198 to 202px (\specs/common.spec:94)

	at com.galenframework.support.GalenJavaTestBase.checkLayout(GalenJavaTestBase.java:129)
	at com.galenframework.support.GalenJavaTestBase.checkLayout(GalenJavaTestBase.java:111)
	at com.galenframework.java.sample.tests.WelcomePageTest.welcomePage_shouldLookGood_onDevice(WelcomePageTest.java:14)
	at sun.reflect.NativeMethodAccessorImpl.invoke0(Native Method)
	at sun.reflect.NativeMethodAccessorImpl.invoke(Unknown Source)
	at sun.reflect.DelegatingMethodAccessorImpl.invoke(Unknown Source)
	at java.lang.reflect.Method.invoke(Unknown Source)
	at org.testng.internal.MethodInvocationHelper.invokeMethod(MethodInvocationHelper.java:80)
	at org.testng.internal.Invoker.invokeMethod(Invoker.java:715)
	at org.testng.internal.Invoker.invokeTestMethod(Invoker.java:907)
	at org.testng.internal.Invoker.invokeTestMethods(Invoker.java:1237)
	at org.testng.internal.TestMethodWorker.invokeTestMethods(TestMethodWorker.java:127)
	at org.testng.internal.TestMethodWorker.run(TestMethodWorker.java:111)
	at org.testng.TestRunner.privateRun(TestRunner.java:767)
	at org.testng.TestRunner.run(TestRunner.java:617)
	at org.testng.SuiteRunner.runTest(SuiteRunner.java:334)
	at org.testng.SuiteRunner.runSequentially(SuiteRunner.java:329)
	at org.testng.SuiteRunner.privateRun(SuiteRunner.java:291)
	at org.testng.SuiteRunner.run(SuiteRunner.java:240)
	at org.testng.SuiteRunnerWorker.runSuite(SuiteRunnerWorker.java:51)
	at org.testng.SuiteRunnerWorker.run(SuiteRunnerWorker.java:85)
	at org.testng.TestNG.runSuitesSequentially(TestNG.java:1197)
	at org.testng.TestNG.runSuitesLocally(TestNG.java:1122)
	at org.testng.TestNG.run(TestNG.java:1030)
	at org.testng.remote.AbstractRemoteTestNG.run(AbstractRemoteTestNG.java:114)
	at org.testng.remote.RemoteTestNG.initAndRun(RemoteTestNG.java:251)
	at org.testng.remote.RemoteTestNG.main(RemoteTestNG.java:77)
]]>
            </full-stacktrace>
          </exception> <!-- com.galenframework.support.LayoutValidationException -->
          <reporter-output>
          </reporter-output>
        </test-method> <!-- welcomePage_shouldLookGood_onDevice -->
        <test-method status="PASS" signature="provideTestEndDate()[pri:0, instance:com.galenframework.java.sample.tests.WelcomePageTest@29774679]" name="provideTestEndDate" is-config="true" duration-ms="1" started-at="2018-12-20T22:10:43Z" finished-at="2018-12-20T22:10:43Z">
          <reporter-output>
          </reporter-output>
        </test-method> <!-- provideTestEndDate -->
        <test-method status="PASS" signature="quitDriver()[pri:0, instance:com.galenframework.java.sample.tests.WelcomePageTest@29774679]" name="quitDriver" is-config="true" duration-ms="861" started-at="2018-12-20T22:10:43Z" finished-at="2018-12-20T22:10:44Z">
          <reporter-output>
          </reporter-output>
        </test-method> <!-- quitDriver -->
      </class> <!-- com.galenframework.java.sample.tests.WelcomePageTest -->
    </test> <!-- Default test -->
  </suite> <!-- Default suite -->
</testng-results>
